TMS340 C Compiler Shell     Version 6.10
Copyright (c) 1985-1991  Texas Instruments Incorporated 

Usage:  gspcl [-options] filenames... [-z link_options...]

Options:
  -c      no linking (negates -z)    -q     quiet
  -dNAME  pre-define NAME            -qq    super quiet
  -g      symbolic debugging         -s     C source interlist
  -i<dir> #include search path       -uNAME undefine NAME 
  -k      keep .asm file             -vXX   target processor 340XX
  -n      compile only (no asm)      -z...  link, options follow

Parser options:  -p<options...>
  -pe     'E' errors are warnings    -pn    no #line directives
  -pf     generate prototype file    -po    preprocess only
  -pk     K&R compatibility          -pw    suppress warning messages
  -pl     generate .pp file          -p?    enable trigraph expansion

Type checking options:  -t<options...>
  -tf     relax prototype checking   -tp    relax pointer combinations

Runtime model options:  -m<options...>
  -ma     aliased variables          -mb    don't use B-registers
  -mc     Use TMS34082 coprocessor   -me    big-endian code
  -mf     IEEE floating point        -mm    mask register assigns
  -mn     normal optim w/debug       -mr    pass arguments in registers
  -ms     small model (short calls)  -mw    align structure members
  -mx     generate stack checking

Optimizations:  -o<options...>
  -o      optimize (level 2)         -o0    level 0: register optim
  -ox     inline function expansion  -o1    level 1: +local optim
                                     -o2    level 2: +global optim

Inline Function Expansion:  -x<options...>
  -x0     disable all                -x(2)  enable all
  -x1     built-in functions only

Assembler options:  -a<options...>
  -al     assembly listing file      -ax    cross reference file
  -as     keep local symbols

File and Directory specifiers:  -f...
  -fa<file> this file is an asm file (default for .asm or .s*)
  -fc<file> this file is a C file    (default for .c or no ext)
  -fo<file> this file is an obj file (default for .o*)
  -ft<dir>  temp file directory      (default is .)
  -fr<dir>  object file directory    (default is .)

Default file extensions:  -e...
  -ea<.ext> extension for assembly files (default is .asm)
  -eo<.ext> extension for object files   (default is .obj)

Linker options:  (all options following -z go to the linker)
  -a      absolute output            -l<lib>  library name
  -ar     relocatable output         -m<file> map file name
  -c      ROM initialization         -n       ignore memory fill
  -cr     RAM initialization         -o<file> output file name
  -e<sym> entry point                -r       relinkable output
  -f<val> fill value                 -s       strip symbol table
  -h      global symbols static      -u<sym>  undefine <sym>
  -i<dir> library search path        -x       exhaustively search libs
  -heap<size> set heap size (bytes)  -stack<size> set stack size (bytes)

(Linking is enabled only if -z is used and -c is not used)

Environment Variables: 
  set C_OPTION=<options>   to set default options
  set C_DIR=<dirs>         to set cpp and linker search paths
  set TMP=<dir>            to set directory for temp files

